[2023-08-29T18:37:26.247009+00:00] main.ERROR: crontab -l 2>/dev/null 2>&1
no crontab for app [] []
[2023-08-29T18:37:26.248305+00:00] main.ERROR: crontab -l 2>/dev/null 2>&1
no crontab for app [] []
[2023-08-29T18:37:26.255868+00:00] main.INFO: echo "
#~ MAGENTO START 69dd2b02e1f3a65918182048ea4e29979a849d8942e8f53ed20a4bf10e529b36
* * * * * /usr/local/bin/php /var/www/html/bin/magento cron:run 2>&1 | grep -v \"Ran jobs by schedule\" >> /var/www/html/var/log/magento.cron.log
#~ MAGENTO END 69dd2b02e1f3a65918182048ea4e29979a849d8942e8f53ed20a4bf10e529b36
" 2>&1 | crontab - 2>&1
 [] []
[2023-08-29T18:40:15.831218+00:00] main.INFO: Broken reference: the 'catalog.compare.sidebar' element cannot be added as child to 'sidebar.additional', because the latter doesn't exist [] []
[2023-08-29T18:40:15.831612+00:00] main.INFO: Broken reference: the 'sale.reorder.sidebar' element cannot be added as child to 'sidebar.additional', because the latter doesn't exist [] []
[2023-08-29T18:40:15.831852+00:00] main.INFO: Broken reference: the 'wishlist_sidebar' element cannot be added as child to 'sidebar.additional', because the latter doesn't exist [] []
[2023-08-29T18:40:15.832021+00:00] main.INFO: Broken reference: the 'paypal.partner.right.logo' element cannot be added as child to 'sidebar.additional', because the latter doesn't exist [] []
[2023-08-29T18:40:15.832176+00:00] main.INFO: Broken reference: the 'bml.right.logo' element cannot be added as child to 'sidebar.additional', because the latter doesn't exist [] []
[2023-08-29T18:40:15.832323+00:00] main.INFO: Broken reference: the 'sidebar.container.paylater' element cannot be added as child to 'sidebar.additional', because the latter doesn't exist [] []
[2023-08-29T18:40:15.833047+00:00] main.INFO: Broken reference: the 'catalog.compare.sidebar' element cannot be added as child to 'sidebar.additional', because the latter doesn't exist [] []
[2023-08-29T18:40:15.833290+00:00] main.INFO: Broken reference: the 'sale.reorder.sidebar' element cannot be added as child to 'sidebar.additional', because the latter doesn't exist [] []
[2023-08-29T18:40:15.833518+00:00] main.INFO: Broken reference: the 'wishlist_sidebar' element cannot be added as child to 'sidebar.additional', because the latter doesn't exist [] []
[2023-08-29T18:40:15.833687+00:00] main.INFO: Broken reference: the 'paypal.partner.right.logo' element cannot be added as child to 'sidebar.additional', because the latter doesn't exist [] []
[2023-08-29T18:40:15.833838+00:00] main.INFO: Broken reference: the 'bml.right.logo' element cannot be added as child to 'sidebar.additional', because the latter doesn't exist [] []
[2023-08-29T18:40:15.833987+00:00] main.INFO: Broken reference: the 'sidebar.container.paylater' element cannot be added as child to 'sidebar.additional', because the latter doesn't exist [] []
[2023-08-29T18:50:23.357378+00:00] main.ERROR: Command "debug" is not defined.
#0 /var/www/html/vendor/symfony/console/Application.php(259): Symfony\Component\Console\Application->find('debug')
#1 /var/www/html/vendor/magento/framework/Console/Cli.php(116): Symfony\Component\Console\Application->doRun(Object(Symfony\Component\Console\Input\ArgvInput), Object(Symfony\Component\Console\Output\ConsoleOutput))
#2 /var/www/html/vendor/symfony/console/Application.php(171): Magento\Framework\Console\Cli->doRun(Object(Symfony\Component\Console\Input\ArgvInput), Object(Symfony\Component\Console\Output\ConsoleOutput))
#3 /var/www/html/bin/magento(23): Symfony\Component\Console\Application->run()
#4 {main} [] []
[2023-08-29T18:50:28.956361+00:00] main.ERROR: Command "debug" is not defined.
#0 /var/www/html/vendor/symfony/console/Application.php(259): Symfony\Component\Console\Application->find('debug')
#1 /var/www/html/vendor/magento/framework/Console/Cli.php(116): Symfony\Component\Console\Application->doRun(Object(Symfony\Component\Console\Input\ArgvInput), Object(Symfony\Component\Console\Output\ConsoleOutput))
#2 /var/www/html/vendor/symfony/console/Application.php(171): Magento\Framework\Console\Cli->doRun(Object(Symfony\Component\Console\Input\ArgvInput), Object(Symfony\Component\Console\Output\ConsoleOutput))
#3 /var/www/html/bin/magento(23): Symfony\Component\Console\Application->run()
#4 {main} [] []
[2023-08-29T18:50:32.969004+00:00] main.ERROR: There are no commands defined in the "debug" namespace.
#0 /var/www/html/vendor/symfony/console/Application.php(701): Symfony\Component\Console\Application->findNamespace('debug')
#1 /var/www/html/vendor/symfony/console/Application.php(259): Symfony\Component\Console\Application->find('debug:enable')
#2 /var/www/html/vendor/magento/framework/Console/Cli.php(116): Symfony\Component\Console\Application->doRun(Object(Symfony\Component\Console\Input\ArgvInput), Object(Symfony\Component\Console\Output\ConsoleOutput))
#3 /var/www/html/vendor/symfony/console/Application.php(171): Magento\Framework\Console\Cli->doRun(Object(Symfony\Component\Console\Input\ArgvInput), Object(Symfony\Component\Console\Output\ConsoleOutput))
#4 /var/www/html/bin/magento(23): Symfony\Component\Console\Application->run()
#5 {main} [] []
[2023-08-29T18:50:37.448966+00:00] main.ERROR: There are no commands defined in the "xdebug" namespace.
#0 /var/www/html/vendor/symfony/console/Application.php(701): Symfony\Component\Console\Application->findNamespace('xdebug')
#1 /var/www/html/vendor/symfony/console/Application.php(259): Symfony\Component\Console\Application->find('xdebug:enable')
#2 /var/www/html/vendor/magento/framework/Console/Cli.php(116): Symfony\Component\Console\Application->doRun(Object(Symfony\Component\Console\Input\ArgvInput), Object(Symfony\Component\Console\Output\ConsoleOutput))
#3 /var/www/html/vendor/symfony/console/Application.php(171): Magento\Framework\Console\Cli->doRun(Object(Symfony\Component\Console\Input\ArgvInput), Object(Symfony\Component\Console\Output\ConsoleOutput))
#4 /var/www/html/bin/magento(23): Symfony\Component\Console\Application->run()
#5 {main} [] []
